<?xml version="1.0" encoding="UTF-8"?>
<!-- Generated by org.testng.reporters.JUnitReportReporter -->
<testsuite hostname="DESKTOP-HLCFM06" failures="0" tests="1" name="testnew.CheckLogin" time="97.778" errors="0" timestamp="2023-06-20T20:24:29 IST" skipped="0">
  <testcase classname="testnew.CheckLogin" name="checkValidUser" time="97.778"/>
  <system-out/>
</testsuite> <!-- testnew.CheckLogin -->
