<?xml version="1.0" encoding="UTF-8"?>
<!-- Generated by org.testng.reporters.JUnitReportReporter -->
<testsuite hostname="DESKTOP-HLCFM06" failures="0" tests="2" name="testnew.DemoProject" time="0.043" errors="0" timestamp="2023-05-26T21:26:45 IST" skipped="0">
  <testcase classname="testnew.DemoProject" name="googleSearch" time="0.028"/>
  <system-out/>
  <testcase classname="testnew.DemoProject" name="googleTitleTest" time="0.015"/>
  <system-out/>
</testsuite> <!-- testnew.DemoProject -->
