<?xml version="1.0" encoding="UTF-8"?>
<!-- Generated by org.testng.reporters.JUnitReportReporter -->
<testsuite hostname="DESKTOP-HLCFM06" failures="0" tests="10" name="testnew.InvocationCount" time="0.061" errors="0" timestamp="2023-05-31T19:40:19 IST" skipped="0">
  <testcase classname="testnew.InvocationCount" name="loginTest" time="0.009"/>
  <system-out/>
  <testcase classname="testnew.InvocationCount" name="loginTest" time="0.002"/>
  <system-out/>
  <testcase classname="testnew.InvocationCount" name="loginTest" time="0.004"/>
  <system-out/>
  <testcase classname="testnew.InvocationCount" name="loginTest" time="0.003"/>
  <system-out/>
  <testcase classname="testnew.InvocationCount" name="loginTest" time="0.007"/>
  <system-out/>
  <testcase classname="testnew.InvocationCount" name="loginTest" time="0.003"/>
  <system-out/>
  <testcase classname="testnew.InvocationCount" name="loginTest" time="0.027"/>
  <system-out/>
  <testcase classname="testnew.InvocationCount" name="loginTest" time="0.002"/>
  <system-out/>
  <testcase classname="testnew.InvocationCount" name="loginTest" time="0.002"/>
  <system-out/>
  <testcase classname="testnew.InvocationCount" name="loginTest" time="0.002"/>
  <system-out/>
</testsuite> <!-- testnew.InvocationCount -->
