<?xml version="1.0" encoding="UTF-8"?>
<!-- Generated by org.testng.reporters.JUnitReportReporter -->
<testsuite hostname="DESKTOP-HLCFM06" failures="0" tests="1" name="testnew.ExtentReport" time="39.752" errors="0" timestamp="2023-06-12T20:12:26 IST" skipped="0">
  <testcase classname="testnew.ExtentReport" name="testtt" time="39.752"/>
  <system-out/>
</testsuite> <!-- testnew.ExtentReport -->
