<?xml version="1.0" encoding="UTF-8"?>
<!-- Generated by org.testng.reporters.JUnitReportReporter -->
<testsuite hostname="DESKTOP-HLCFM06" failures="0" tests="1" name="com.qa.testscripts.SmsTest" time="61.449" errors="0" timestamp="04 Jul 2023 16:40:16 GMT" skipped="0">
  <testcase classname="com.qa.testscripts.SmsTest" name="sendSMSTest" time="61.449"/>
</testsuite> <!-- com.qa.testscripts.SmsTest -->
